This is pdfTeX, Version 3.1415926-1.40.10 (MiKTeX 2.8) (preloaded format=pdflatex 2010.12.1)  8 DEC 2010 23:16
entering extended mode
**D:/Documenten/VU/Knowledge*management*and*modelling/Final*Project/document/Jo
ostHuizinga-TychoBismeijer-Final.tex

("D:/Documenten/VU/Knowledge management and modelling/Final Project/document/Jo
ostHuizinga-TychoBismeijer-Final.tex"
LaTeX2e <2009/09/24>
Babel <v3.8l> and hyphenation patterns for english, dumylang, nohyphenation, ge
rman, ngerman, german-x-2009-06-19, ngerman-x-2009-06-19, french, loaded.
(E:\VU\Latex\MikTex\MikTex_2_8\tex\latex\base\article.cls
Document Class: article 2007/10/19 v1.4h Standard LaTeX document class
(E:\VU\Latex\MikTex\MikTex_2_8\tex\latex\base\size10.clo
File: size10.clo 2007/10/19 v1.4h Standard LaTeX file (size option)
)
\c@part=\count79
\c@section=\count80
\c@subsection=\count81
\c@subsubsection=\count82
\c@paragraph=\count83
\c@subparagraph=\count84
\c@figure=\count85
\c@table=\count86
\abovecaptionskip=\skip41
\belowcaptionskip=\skip42
\bibindent=\dimen102
)
(E:\VU\Latex\MikTex\MikTex_2_8\tex\latex\tools\array.sty
Package: array 2008/09/09 v2.4c Tabular extension package (FMi)
\col@sep=\dimen103
\extrarowheight=\dimen104
\NC@list=\toks14
\extratabsurround=\skip43
\backup@length=\skip44
)
(E:\VU\Latex\MikTex\MikTex_2_8\tex\latex\lm\lmodern.sty
Package: lmodern 2009/10/07 v1.5 Latin Modern Fonts
LaTeX Font Info:    Overwriting symbol font `operators' in version `normal'
(Font)                  OT1/cmr/m/n --> OT1/lmr/m/n on input line 22.
LaTeX Font Info:    Overwriting symbol font `letters' in version `normal'
(Font)                  OML/cmm/m/it --> OML/lmm/m/it on input line 23.
LaTeX Font Info:    Overwriting symbol font `symbols' in version `normal'
(Font)                  OMS/cmsy/m/n --> OMS/lmsy/m/n on input line 24.
LaTeX Font Info:    Overwriting symbol font `largesymbols' in version `normal'
(Font)                  OMX/cmex/m/n --> OMX/lmex/m/n on input line 25.
LaTeX Font Info:    Overwriting symbol font `operators' in version `bold'
(Font)                  OT1/cmr/bx/n --> OT1/lmr/bx/n on input line 26.
LaTeX Font Info:    Overwriting symbol font `letters' in version `bold'
(Font)                  OML/cmm/b/it --> OML/lmm/b/it on input line 27.
LaTeX Font Info:    Overwriting symbol font `symbols' in version `bold'
(Font)                  OMS/cmsy/b/n --> OMS/lmsy/b/n on input line 28.
LaTeX Font Info:    Overwriting symbol font `largesymbols' in version `bold'
(Font)                  OMX/cmex/m/n --> OMX/lmex/m/n on input line 29.
LaTeX Font Info:    Overwriting math alphabet `\mathbf' in version `normal'
(Font)                  OT1/cmr/bx/n --> OT1/lmr/bx/n on input line 31.
LaTeX Font Info:    Overwriting math alphabet `\mathsf' in version `normal'
(Font)                  OT1/cmss/m/n --> OT1/lmss/m/n on input line 32.
LaTeX Font Info:    Overwriting math alphabet `\mathit' in version `normal'
(Font)                  OT1/cmr/m/it --> OT1/lmr/m/it on input line 33.
LaTeX Font Info:    Overwriting math alphabet `\mathtt' in version `normal'
(Font)                  OT1/cmtt/m/n --> OT1/lmtt/m/n on input line 34.
LaTeX Font Info:    Overwriting math alphabet `\mathbf' in version `bold'
(Font)                  OT1/cmr/bx/n --> OT1/lmr/bx/n on input line 35.
LaTeX Font Info:    Overwriting math alphabet `\mathsf' in version `bold'
(Font)                  OT1/cmss/bx/n --> OT1/lmss/bx/n on input line 36.
LaTeX Font Info:    Overwriting math alphabet `\mathit' in version `bold'
(Font)                  OT1/cmr/bx/it --> OT1/lmr/bx/it on input line 37.
LaTeX Font Info:    Overwriting math alphabet `\mathtt' in version `bold'
(Font)                  OT1/cmtt/m/n --> OT1/lmtt/m/n on input line 38.
)
(E:\VU\Latex\MikTex\MikTex_2_8\tex\latex\graphics\graphicx.sty
Package: graphicx 1999/02/16 v1.0f Enhanced LaTeX Graphics (DPC,SPQR)

(E:\VU\Latex\MikTex\MikTex_2_8\tex\latex\graphics\keyval.sty
Package: keyval 1999/03/16 v1.13 key=value parser (DPC)
\KV@toks@=\toks15
)
(E:\VU\Latex\MikTex\MikTex_2_8\tex\latex\graphics\graphics.sty
Package: graphics 2009/02/05 v1.0o Standard LaTeX Graphics (DPC,SPQR)

(E:\VU\Latex\MikTex\MikTex_2_8\tex\latex\graphics\trig.sty
Package: trig 1999/03/16 v1.09 sin cos tan (DPC)
)
(E:\VU\Latex\MikTex\MikTex_2_8\tex\latex\00miktex\graphics.cfg
File: graphics.cfg 2007/01/18 v1.5 graphics configuration of teTeX/TeXLive
)
Package graphics Info: Driver file: pdftex.def on input line 91.

(E:\VU\Latex\MikTex\MikTex_2_8\tex\latex\pdftex-def\pdftex.def
File: pdftex.def 2009/08/25 v0.04m Graphics/color for pdfTeX
\Gread@gobject=\count87
))
\Gin@req@height=\dimen105
\Gin@req@width=\dimen106
)
("D:\Documenten\VU\Knowledge management and modelling\Final Project\document\Jo
ostHuizinga-TychoBismeijer-Final.aux")
LaTeX Font Info:    Checking defaults for OML/cmm/m/it on input line 20.
LaTeX Font Info:    ... okay on input line 20.
LaTeX Font Info:    Checking defaults for T1/cmr/m/n on input line 20.
LaTeX Font Info:    ... okay on input line 20.
LaTeX Font Info:    Checking defaults for OT1/cmr/m/n on input line 20.
LaTeX Font Info:    ... okay on input line 20.
LaTeX Font Info:    Checking defaults for OMS/cmsy/m/n on input line 20.
LaTeX Font Info:    ... okay on input line 20.
LaTeX Font Info:    Checking defaults for OMX/cmex/m/n on input line 20.
LaTeX Font Info:    ... okay on input line 20.
LaTeX Font Info:    Checking defaults for U/cmr/m/n on input line 20.
LaTeX Font Info:    ... okay on input line 20.
LaTeX Font Info:    Try loading font information for OT1+lmr on input line 20.

(E:\VU\Latex\MikTex\MikTex_2_8\tex\latex\lm\ot1lmr.fd
File: ot1lmr.fd 2009/10/07 v1.5 Font defs for Latin Modern
)
(E:\VU\Latex\MikTex\MikTex_2_8\tex\context\base\supp-pdf.tex
[Loading MPS to PDF converter (version 2006.09.02).]
\scratchcounter=\count88
\scratchdimen=\dimen107
\scratchbox=\box26
\nofMPsegments=\count89
\nofMParguments=\count90
\everyMPshowfont=\toks16
\MPscratchCnt=\count91
\MPscratchDim=\dimen108
\MPnumerator=\count92
\everyMPtoPDFconversion=\toks17
)
LaTeX Font Info:    Try loading font information for OML+lmm on input line 22.
 (E:\VU\Latex\MikTex\MikTex_2_8\tex\latex\lm\omllmm.fd
File: omllmm.fd 2009/10/07 v1.5 Font defs for Latin Modern
)
LaTeX Font Info:    Try loading font information for OMS+lmsy on input line 22.


(E:\VU\Latex\MikTex\MikTex_2_8\tex\latex\lm\omslmsy.fd
File: omslmsy.fd 2009/10/07 v1.5 Font defs for Latin Modern
)
LaTeX Font Info:    Try loading font information for OMX+lmex on input line 22.


(E:\VU\Latex\MikTex\MikTex_2_8\tex\latex\lm\omxlmex.fd
File: omxlmex.fd 2009/10/07 v1.5 Font defs for Latin Modern
)
LaTeX Font Info:    External font `lmex10' loaded for size
(Font)              <12> on input line 22.
LaTeX Font Info:    External font `lmex10' loaded for size
(Font)              <8> on input line 22.
LaTeX Font Info:    External font `lmex10' loaded for size
(Font)              <6> on input line 22.

("D:\Documenten\VU\Knowledge management and modelling\Final Project\document\Jo
ostHuizinga-TychoBismeijer-Final.toc"
LaTeX Font Info:    External font `lmex10' loaded for size
(Font)              <10> on input line 3.
LaTeX Font Info:    External font `lmex10' loaded for size
(Font)              <7> on input line 3.
LaTeX Font Info:    External font `lmex10' loaded for size
(Font)              <5> on input line 3.
)
\tf@toc=\write3
 [1

{C:/Documents and Settings/Joost Huizinga.JOOST-HUIZINGA/Local Settings/Applica
tion Data/MiKTeX/2.8/pdftex/config/pdftex.map}]
("D:\Documenten\VU\Knowledge management and modelling\Final Project\document\OM
-1.tex"
LaTeX Font Info:    Try loading font information for OMS+lmr on input line 42.
 (E:\VU\Latex\MikTex\MikTex_2_8\tex\latex\lm\omslmr.fd
File: omslmr.fd 2009/10/07 v1.5 Font defs for Latin Modern
)
LaTeX Font Info:    Font shape `OMS/lmr/m/n' in size <10> not available
(Font)              Font shape `OMS/lmsy/m/n' tried instead on input line 42.
)
("D:\Documenten\VU\Knowledge management and modelling\Final Project\document\OM
-2.tex")
("D:\Documenten\VU\Knowledge management and modelling\Final Project\document\OM
-5.tex")
Overfull \hbox (50.0858pt too wide) in paragraph at lines 3--41
[]
 []


Overfull \hbox (50.0858pt too wide) in paragraph at lines 3--41
[]
 []


Overfull \hbox (50.0858pt too wide) in paragraph at lines 3--41
[]
 []


Underfull \hbox (badness 10000) in paragraph at lines 3--41

 []

[2]
("D:\Documenten\VU\Knowledge management and modelling\Final Project\document\TM
-1.tex"
Overfull \hbox (7.40666pt too wide) in paragraph at lines 1--27
[] 
 []

[3])
("D:\Documenten\VU\Knowledge management and modelling\Final Project\document\TM
-2.tex"
Overfull \hbox (7.40666pt too wide) in paragraph at lines 28--51
[]
 []


Overfull \hbox (2.9577pt too wide) in paragraph at lines 28--51
[] 
 []

[4] [5]
Overfull \hbox (31.18195pt too wide) in paragraph at lines 52--101
[][] 
 []

[6]
Overfull \hbox (18.37482pt too wide) in paragraph at lines 102--151
[][] 
 []

[7])
("D:\Documenten\VU\Knowledge management and modelling\Final Project\document\AM
-1.tex")
Overfull \hbox (13.12543pt too wide) in paragraph at lines 154--47
[][]
 []

[8] [9] <domainSchema.pdf, id=38, 476.78125pt x 497.86pt>
File: domainSchema.pdf Graphic file (type pdf)

<use domainSchema.pdf> <ruleTypes.jpg, id=39, 492.84125pt x 365.365pt>
File: ruleTypes.jpg Graphic file (type jpg)

<use ruleTypes.jpg> <InferenceModel.png, id=40, 729.72626pt x 493.845pt>
File: InferenceModel.png Graphic file (type png)

<use InferenceModel.png>
<taskDecomposition.png, id=42, 596.2275pt x 244.915pt>
File: taskDecomposition.png Graphic file (type png)

<use taskDecomposition.png>
<dialogueDiagram.png, id=43, 285.065pt x 304.13625pt>
File: dialogueDiagram.png Graphic file (type png)

<use dialogueDiagram.png>
<communicationPlan.png, id=44, 907.39pt x 583.17876pt>
File: communicationPlan.png Graphic file (type png)

<use communicationPlan.png>
("D:\Documenten\VU\Knowledge management and modelling\Final Project\document\CM
-1.tex"
Overfull \hbox (7.40666pt too wide) in paragraph at lines 2--69
[] 
 []

[10] [11 <D:/Documenten/VU/Knowledge management and modelling/Final Project/doc
ument/domainSchema.pdf>] [12 <D:/Documenten/VU/Knowledge management and modelli
ng/Final Project/document/ruleTypes.jpg> <D:/Documenten/VU/Knowledge management
 and modelling/Final Project/document/InferenceModel.png>] [13 <D:/Documenten/V
U/Knowledge management and modelling/Final Project/document/taskDecomposition.p
ng> <D:/Documenten/VU/Knowledge management and modelling/Final Project/document
/dialogueDiagram.png>]
Overfull \hbox (7.40666pt too wide) in paragraph at lines 71--138
[] 
 []

[14 <D:/Documenten/VU/Knowledge management and modelling/Final Project/document
/communicationPlan.png>]
Overfull \hbox (7.40666pt too wide) in paragraph at lines 139--206
[] 
 []


Overfull \hbox (7.40666pt too wide) in paragraph at lines 208--274
[] 
 []

[15])
("D:\Documenten\VU\Knowledge management and modelling\Final Project\document\CM
-2.tex"
Overfull \hbox (7.40666pt too wide) in paragraph at lines 275--77
[]
 []


Overfull \hbox (7.40666pt too wide) in paragraph at lines 275--77
[] 
 []

[16]
Overfull \vbox (50.59995pt too high) has occurred while \output is active []


[17]
Overfull \hbox (7.40666pt too wide) in paragraph at lines 78--142
[] 
 []

LaTeX Font Info:    Try loading font information for OT1+lmtt on input line 143
.
(E:\VU\Latex\MikTex\MikTex_2_8\tex\latex\lm\ot1lmtt.fd
File: ot1lmtt.fd 2009/10/07 v1.5 Font defs for Latin Modern
) [18]
Overfull \hbox (35.85942pt too wide) in paragraph at lines 171--264
[] 
 []

<trans3-control.pdf, id=86, 851.18pt x 486.81876pt>
File: trans3-control.pdf Graphic file (type pdf)
 <use trans3-control.pdf>
[19]
Overfull \hbox (7.40666pt too wide) in paragraph at lines 275--326
[] 
 []

[20])
Overfull \hbox (7.40666pt too wide) in paragraph at lines 329--108
[]
 []


Underfull \hbox (badness 10000) in paragraph at lines 329--108

 []

[21 <D:/Documenten/VU/Knowledge management and modelling/Final Project/document
/trans3-control.pdf>] [22]
("D:\Documenten\VU\Knowledge management and modelling\Final Project\document\Jo
ostHuizinga-TychoBismeijer-Final.aux") ) 
Here is how much of TeX's memory you used:
 1176 strings out of 495285
 18138 string characters out of 3180096
 82215 words of memory out of 3000000
 4351 multiletter control sequences out of 15000+200000
 47477 words of font info for 41 fonts, out of 3000000 for 9000
 14 hyphenation exceptions out of 8191
 25i,9n,22p,464b,242s stack positions out of 5000i,500n,10000p,200000b,50000s
{E:/VU/Latex/MikTex/MikTex_2_8/fonts/en
c/dvips/lm/lm-rmtt.enc}{E:/VU/Latex/MikTex/MikTex_2_8/fonts/enc/dvips/lm/lm-rm.
enc}{E:/VU/Latex/MikTex/MikTex_2_8/fonts/enc/dvips/lm/lm-mathsy.enc}{E:/VU/Late
x/MikTex/MikTex_2_8/fonts/enc/dvips/lm/lm-rmsc.enc}<E:/VU/Latex/MikTex/MikTex_2
_8/fonts/type1/public/lm/lmbx10.pfb><E:/VU/Latex/MikTex/MikTex_2_8/fonts/type1/
public/lm/lmbx12.pfb><E:/VU/Latex/MikTex/MikTex_2_8/fonts/type1/public/lm/lmcsc
10.pfb><E:/VU/Latex/MikTex/MikTex_2_8/fonts/type1/public/lm/lmr10.pfb><E:/VU/La
tex/MikTex/MikTex_2_8/fonts/type1/public/lm/lmr12.pfb><E:/VU/Latex/MikTex/MikTe
x_2_8/fonts/type1/public/lm/lmr17.pfb><E:/VU/Latex/MikTex/MikTex_2_8/fonts/type
1/public/lm/lmri10.pfb><E:/VU/Latex/MikTex/MikTex_2_8/fonts/type1/public/lm/lms
y10.pfb><E:/VU/Latex/MikTex/MikTex_2_8/fonts/type1/public/lm/lmtt10.pfb>
Output written on JoostHuizinga-TychoBismeijer-Final.pdf (22 pages, 386544 byte
s).
PDF statistics:
 136 PDF objects out of 1000 (max. 8388607)
 0 named destinations out of 1000 (max. 500000)
 36 words of extra memory for PDF output out of 10000 (max. 10000000)

